<?xml version="1.0" encoding="UTF-8"?>
<testsuite xmlns:xsi="http://www.w3.org/2001/XMLSchema-instance" xsi:noNamespaceSchemaLocation="https://maven.apache.org/surefire/maven-surefire-plugin/xsd/surefire-test-report.xsd" version="3.0.2" name="Login test cases" time="115.124" tests="4" errors="0" skipped="0" failures="0">
  <properties>
[...]
</properties>
  <testcase name="Login with invalid username and password" classname="Login test cases" time="25.857">
    <system-out><![CDATA[
&amp#27;[1mScenario:&amp#27;[22m Login with invalid username and password                                      &amp#27;[90m# Features/Login.feature:3&amp#27;[39m
Success
  &amp#27;[32m✔&amp#27;[39m &amp#27;[32m&amp#27;[1mGiven &amp#27;[22mUser launch the application&amp#27;[39m                                                   &amp#27;[90m# com.cucumber.steps.Steps.user_launch_the_application()&amp#27;[39m
  &amp#27;[32m✔&amp#27;[39m &amp#27;[32m&amp#27;[1mGiven &amp#27;[22mUser is on &amp#27;[1m"LoginPage"&amp#27;[22m&amp#27;[39m                                                        &amp#27;[90m# com.cucumber.steps.Steps.user_is_on(java.lang.String)&amp#27;[39m
  &amp#27;[32m✔&amp#27;[39m &amp#27;[32m&amp#27;[1mWhen &amp#27;[22mUser enter into textbox &amp#27;[1m"username"&amp#27;[22m &amp#27;[1m"geethanjali.singaravelu240@agentforce.com"&amp#27;[22m&amp#27;[39m &amp#27;[90m# com.cucumber.steps.Steps.user_enter_into_textbox(java.lang.String,java.lang.String)&amp#27;[39m
  &amp#27;[32m✔&amp#27;[39m &amp#27;[32m&amp#27;[1mWhen &amp#27;[22mUser enter into textbox &amp#27;[1m"password"&amp#27;[22m &amp#27;[1m""&amp#27;[22m&amp#27;[39m                                          &amp#27;[90m# com.cucumber.steps.Steps.user_enter_into_textbox(java.lang.String,java.lang.String)&amp#27;[39m
  &amp#27;[32m✔&amp#27;[39m &amp#27;[32m&amp#27;[1mThen &amp#27;[22mUser Click on &amp#27;[1m"Login"&amp#27;[22m&amp#27;[39m                                                          &amp#27;[90m# com.cucumber.steps.Steps.user_click_on(java.lang.String)&amp#27;[39m
  &amp#27;[32m✔&amp#27;[39m &amp#27;[32m&amp#27;[1mThen &amp#27;[22mUser Verify the text &amp#27;[1m"errorMessage"&amp#27;[22m &amp#27;[1m"Error: Please enter your password."&amp#27;[22m&amp#27;[39m       &amp#27;[90m# com.cucumber.steps.Steps.user_verify_the_text(java.lang.String,java.lang.String)&amp#27;[39m

        &amp#27;[34mEmbedding Login with invalid username and password [image/png 55701 bytes]&amp#27;[39m

]]></system-out>
    <system-err><![CDATA[SLF4J(W): No SLF4J providers were found.
SLF4J(W): Defaulting to no-operation (NOP) logger implementation
SLF4J(W): See https://www.slf4j.org/codes.html#noProviders for further details.
Starting ChromeDriver 142.0.7444.175 (302067f14a4ea3f42001580e6101fa25ed343445-refs/branch-heads/7444@{#2749}) on port 5398
Only local connections are allowed.
Please see https://chromedriver.chromium.org/security-considerations for suggestions on keeping ChromeDriver safe.
ChromeDriver was started successfully on port 5398.
Dec 07, 2025 5:29:21 PM org.openqa.selenium.remote.ProtocolHandshake createSession
INFO: Detected dialect: W3C
]]></system-err>
  </testcase>
  <testcase name="Check Remember Me TC3" classname="Login test cases" time="58.97">
    <system-out><![CDATA[
@smoke
&amp#27;[1mScenario:&amp#27;[22m Check Remember Me TC3                                                          &amp#27;[90m# Features/Login.feature:12&amp#27;[39m
Success
  &amp#27;[32m✔&amp#27;[39m &amp#27;[32m&amp#27;[1mGiven &amp#27;[22mUser launch the application&amp#27;[39m                                                    &amp#27;[90m# com.cucumber.steps.Steps.user_launch_the_application()&amp#27;[39m
  &amp#27;[32m✔&amp#27;[39m &amp#27;[32m&amp#27;[1mGiven &amp#27;[22mUser is on &amp#27;[1m"LoginPage"&amp#27;[22m&amp#27;[39m                                                         &amp#27;[90m# com.cucumber.steps.Steps.user_is_on(java.lang.String)&amp#27;[39m
Success
  &amp#27;[32m✔&amp#27;[39m &amp#27;[32m&amp#27;[1mThen &amp#27;[22mUser read the Data and enter the value to &amp#27;[1m"username"&amp#27;[22m &amp#27;[1m"username"&amp#27;[22m&amp#27;[39m                 &amp#27;[90m# com.cucumber.steps.Steps.user_read_the_data_and_enter_the_value_to(java.lang.String,java.lang.String)&amp#27;[39m
Success
  &amp#27;[32m✔&amp#27;[39m &amp#27;[32m&amp#27;[1mThen &amp#27;[22mUser read the Data and enter the value to &amp#27;[1m"password"&amp#27;[22m &amp#27;[1m"password"&amp#27;[22m&amp#27;[39m                 &amp#27;[90m# com.cucumber.steps.Steps.user_read_the_data_and_enter_the_value_to(java.lang.String,java.lang.String)&amp#27;[39m
  &amp#27;[32m✔&amp#27;[39m &amp#27;[32m&amp#27;[1mThen &amp#27;[22mUser Click on &amp#27;[1m"rememberMe"&amp#27;[22m&amp#27;[39m                                                      &amp#27;[90m# com.cucumber.steps.Steps.user_click_on(java.lang.String)&amp#27;[39m
  &amp#27;[32m✔&amp#27;[39m &amp#27;[32m&amp#27;[1mThen &amp#27;[22mUser Click on &amp#27;[1m"Login"&amp#27;[22m&amp#27;[39m                                                           &amp#27;[90m# com.cucumber.steps.Steps.user_click_on(java.lang.String)&amp#27;[39m
  &amp#27;[32m✔&amp#27;[39m &amp#27;[32m&amp#27;[1mThen &amp#27;[22mUser Click on Verify Button &amp#27;[1m"Verify"&amp#27;[22m&amp#27;[39m                                            &amp#27;[90m# com.cucumber.steps.Steps.user_click_on_verify_button(java.lang.String)&amp#27;[39m
  &amp#27;[32m✔&amp#27;[39m &amp#27;[32m&amp#27;[1mThen &amp#27;[22mUser Click on &amp#27;[1m"userMenuDropDown"&amp#27;[22m&amp#27;[39m                                                &amp#27;[90m# com.cucumber.steps.Steps.user_click_on(java.lang.String)&amp#27;[39m
  &amp#27;[32m✔&amp#27;[39m &amp#27;[32m&amp#27;[1mThen &amp#27;[22mUser Click on &amp#27;[1m"logout"&amp#27;[22m&amp#27;[39m                                                          &amp#27;[90m# com.cucumber.steps.Steps.user_click_on(java.lang.String)&amp#27;[39m
  &amp#27;[32m✔&amp#27;[39m &amp#27;[32m&amp#27;[1mThen &amp#27;[22mUser Verify the text &amp#27;[1m"actualOutput"&amp#27;[22m &amp#27;[1m"geethanjali.singaravelu240@agentforce.com"&amp#27;[22m&amp#27;[39m &amp#27;[90m# com.cucumber.steps.Steps.user_verify_the_text(java.lang.String,java.lang.String)&amp#27;[39m

        &amp#27;[34mEmbedding Check Remember Me TC3 [image/png 69114 bytes]&amp#27;[39m

]]></system-out>
    <system-err><![CDATA[Starting ChromeDriver 142.0.7444.175 (302067f14a4ea3f42001580e6101fa25ed343445-refs/branch-heads/7444@{#2749}) on port 20974
Only local connections are allowed.
Please see https://chromedriver.chromium.org/security-considerations for suggestions on keeping ChromeDriver safe.
ChromeDriver was started successfully on port 20974.
Dec 07, 2025 5:29:42 PM org.openqa.selenium.remote.ProtocolHandshake createSession
INFO: Detected dialect: W3C
]]></system-err>
  </testcase>
  <testcase name="Forgot Password 4A" classname="Login test cases" time="14.212">
    <system-out><![CDATA[
&amp#27;[1mScenario:&amp#27;[22m Forgot Password 4A                                                                                          &amp#27;[90m# Features/Login.feature:25&amp#27;[39m
Success
  &amp#27;[32m✔&amp#27;[39m &amp#27;[32m&amp#27;[1mGiven &amp#27;[22mUser launch the application&amp#27;[39m                                                                                 &amp#27;[90m# com.cucumber.steps.Steps.user_launch_the_application()&amp#27;[39m
  &amp#27;[32m✔&amp#27;[39m &amp#27;[32m&amp#27;[1mGiven &amp#27;[22mUser is on &amp#27;[1m"LoginPage"&amp#27;[22m&amp#27;[39m                                                                                      &amp#27;[90m# com.cucumber.steps.Steps.user_is_on(java.lang.String)&amp#27;[39m
  &amp#27;[32m✔&amp#27;[39m &amp#27;[32m&amp#27;[1mThen &amp#27;[22mUser Click on &amp#27;[1m"forgotPassword"&amp#27;[22m&amp#27;[39m                                                                               &amp#27;[90m# com.cucumber.steps.Steps.user_click_on(java.lang.String)&amp#27;[39m
  &amp#27;[32m✔&amp#27;[39m &amp#27;[32m&amp#27;[1mWhen &amp#27;[22mUser enter into textbox &amp#27;[1m"forgotPasswordUn"&amp#27;[22m &amp#27;[1m"geethanjali.singaravelu240@agentforce.com"&amp#27;[22m&amp#27;[39m                       &amp#27;[90m# com.cucumber.steps.Steps.user_enter_into_textbox(java.lang.String,java.lang.String)&amp#27;[39m
  &amp#27;[32m✔&amp#27;[39m &amp#27;[32m&amp#27;[1mThen &amp#27;[22mUser Click on &amp#27;[1m"forgotPasswordCont"&amp#27;[22m&amp#27;[39m                                                                           &amp#27;[90m# com.cucumber.steps.Steps.user_click_on(java.lang.String)&amp#27;[39m
  &amp#27;[32m✔&amp#27;[39m &amp#27;[32m&amp#27;[1mThen &amp#27;[22mUser Verify the text &amp#27;[1m"forgotPwdMsg"&amp#27;[22m &amp#27;[1m"We’ve sent you an email with a link to finish resetting your password."&amp#27;[22m&amp#27;[39m &amp#27;[90m# com.cucumber.steps.Steps.user_verify_the_text(java.lang.String,java.lang.String)&amp#27;[39m

        &amp#27;[34mEmbedding Forgot Password 4A [image/png 84879 bytes]&amp#27;[39m

]]></system-out>
    <system-err><![CDATA[Starting ChromeDriver 142.0.7444.175 (302067f14a4ea3f42001580e6101fa25ed343445-refs/branch-heads/7444@{#2749}) on port 25660
Only local connections are allowed.
Please see https://chromedriver.chromium.org/security-considerations for suggestions on keeping ChromeDriver safe.
ChromeDriver was started successfully on port 25660.
Dec 07, 2025 5:30:40 PM org.openqa.selenium.remote.ProtocolHandshake createSession
INFO: Detected dialect: W3C
]]></system-err>
  </testcase>
  <testcase name="Forgot Password 4B" classname="Login test cases" time="15.837">
    <system-out><![CDATA[
@Regression
&amp#27;[1mScenario:&amp#27;[22m Forgot Password 4B                                                                                                                                     &amp#27;[90m# Features/Login.feature:34&amp#27;[39m
Success
  &amp#27;[32m✔&amp#27;[39m &amp#27;[32m&amp#27;[1mGiven &amp#27;[22mUser launch the application&amp#27;[39m                                                                                                                            &amp#27;[90m# com.cucumber.steps.Steps.user_launch_the_application()&amp#27;[39m
  &amp#27;[32m✔&amp#27;[39m &amp#27;[32m&amp#27;[1mGiven &amp#27;[22mUser is on &amp#27;[1m"LoginPage"&amp#27;[22m&amp#27;[39m                                                                                                                                 &amp#27;[90m# com.cucumber.steps.Steps.user_is_on(java.lang.String)&amp#27;[39m
  &amp#27;[32m✔&amp#27;[39m &amp#27;[32m&amp#27;[1mWhen &amp#27;[22mUser enter into textbox &amp#27;[1m"username"&amp#27;[22m &amp#27;[1m"123"&amp#27;[22m&amp#27;[39m                                                                                                                &amp#27;[90m# com.cucumber.steps.Steps.user_enter_into_textbox(java.lang.String,java.lang.String)&amp#27;[39m
  &amp#27;[32m✔&amp#27;[39m &amp#27;[32m&amp#27;[1mWhen &amp#27;[22mUser enter into textbox &amp#27;[1m"password"&amp#27;[22m &amp#27;[1m"22131"&amp#27;[22m&amp#27;[39m                                                                                                              &amp#27;[90m# com.cucumber.steps.Steps.user_enter_into_textbox(java.lang.String,java.lang.String)&amp#27;[39m
  &amp#27;[32m✔&amp#27;[39m &amp#27;[32m&amp#27;[1mThen &amp#27;[22mUser Click on &amp#27;[1m"Login"&amp#27;[22m&amp#27;[39m                                                                                                                                   &amp#27;[90m# com.cucumber.steps.Steps.user_click_on(java.lang.String)&amp#27;[39m
  &amp#27;[32m✔&amp#27;[39m &amp#27;[32m&amp#27;[1mThen &amp#27;[22mUser Verify the text &amp#27;[1m"errorMessage"&amp#27;[22m &amp#27;[1m"Error: Please check your username and password. If you still can't log in, contact your Salesforce administrator."&amp#27;[22m&amp#27;[39m &amp#27;[90m# com.cucumber.steps.Steps.user_verify_the_text(java.lang.String,java.lang.String)&amp#27;[39m

        &amp#27;[34mEmbedding Forgot Password 4B [image/png 65652 bytes]&amp#27;[39m

]]></system-out>
    <system-err><![CDATA[Starting ChromeDriver 142.0.7444.175 (302067f14a4ea3f42001580e6101fa25ed343445-refs/branch-heads/7444@{#2749}) on port 45053
Only local connections are allowed.
Please see https://chromedriver.chromium.org/security-considerations for suggestions on keeping ChromeDriver safe.
ChromeDriver was started successfully on port 45053.
Dec 07, 2025 5:30:54 PM org.openqa.selenium.remote.ProtocolHandshake createSession
INFO: Detected dialect: W3C
]]></system-err>
  </testcase>
</testsuite>